# JRE version: Java(TM) SE Runtime Environment (8.0_40-b26) (build 1.8.0_40-b26)
# Java VM: Java HotSpot(TM) Client VM (25.40-b25 mixed mode windows-x86 )
Heap:
 def new generation   total 17664K, used 4406K [0x04200000, 0x05520000, 0x09750000)
  eden space 15744K,  20% used [0x04200000, 0x04530090, 0x05160000)
  from space 1920K,  59% used [0x05340000, 0x0545d8b8, 0x05520000)
  to   space 1920K,   0% used [0x05160000, 0x05160000, 0x05340000)
 tenured generation   total 39100K, used 27564K [0x09750000, 0x0bd7f000, 0x14200000)
   the space 39100K,  70% used [0x09750000, 0x0b23b0a8, 0x0b23b200, 0x0bd7f000)
 Metaspace       used 34451K, capacity 34885K, committed 35072K, reserved 35200K
GC Heap History (10 events):
Event: 281.170 GC heap before
{Heap before GC invocations=183 (full 7):
 def new generation   total 17664K, used 16716K [0x04200000, 0x05520000, 0x09750000)
  eden space 15744K, 100% used [0x04200000, 0x05160000, 0x05160000)
  from space 1920K,  50% used [0x05160000, 0x05253030, 0x05340000)
  to   space 1920K,   0% used [0x05340000, 0x05340000, 0x05520000)
 tenured generation   total 39100K, used 23929K [0x09750000, 0x0bd7f000, 0x14200000)
   the space 39100K,  61% used [0x09750000, 0x0aeae6b8, 0x0aeae800, 0x0bd7f000)
 Metaspace       used 34334K, capacity 34762K, committed 34944K, reserved 35200K
Event: 281.175 GC heap after
Heap after GC invocations=184 (full 7):
 def new generation   total 17664K, used 1168K [0x04200000, 0x05520000, 0x09750000)
  eden space 15744K,   0% used [0x04200000, 0x04200000, 0x05160000)
  from space 1920K,  60% used [0x05340000, 0x054641b8, 0x05520000)
  to   space 1920K,   0% used [0x05160000, 0x05160000, 0x05340000)
 tenured generation   total 39100K, used 24147K [0x09750000, 0x0bd7f000, 0x14200000)
   the space 39100K,  61% used [0x09750000, 0x0aee4c18, 0x0aee4e00, 0x0bd7f000)
 Metaspace       used 34334K, capacity 34762K, committed 34944K, reserved 35200K
}
Event: 281.398 GC heap before
{Heap before GC invocations=184 (full 7):
 def new generation   total 17664K, used 16903K [0x04200000, 0x05520000, 0x09750000)
  eden space 15744K,  99% used [0x04200000, 0x0515dd90, 0x05160000)
  from space 1920K,  60% used [0x05340000, 0x054641b8, 0x05520000)
  to   space 1920K,   0% used [0x05160000, 0x05160000, 0x05340000)
 tenured generation   total 39100K, used 24147K [0x09750000, 0x0bd7f000, 0x14200000)
   the space 39100K,  61% used [0x09750000, 0x0aee4c18, 0x0aee4e00, 0x0bd7f000)
 Metaspace       used 34358K, capacity 34774K, committed 34944K, reserved 35200K
Event: 281.406 GC heap after
Heap after GC invocations=185 (full 7):
 def new generation   total 17664K, used 1920K [0x04200000, 0x05520000, 0x09750000)
  eden space 15744K,   0% used [0x04200000, 0x04200000, 0x05160000)
  from space 1920K, 100% used [0x05160000, 0x05340000, 0x05340000)
  to   space 1920K,   0% used [0x05340000, 0x05340000, 0x05520000)
 tenured generation   total 39100K, used 24607K [0x09750000, 0x0bd7f000, 0x14200000)
   the space 39100K,  62% used [0x09750000, 0x0af57cc0, 0x0af57e00, 0x0bd7f000)
 Metaspace       used 34358K, capacity 34774K, committed 34944K, reserved 35200K
}
Event: 281.409 GC heap before
{Heap before GC invocations=185 (full 7):
 def new generation   total 17664K, used 17627K [0x04200000, 0x05520000, 0x09750000)
  eden space 15744K,  99% used [0x04200000, 0x05156f58, 0x05160000)
  from space 1920K, 100% used [0x05160000, 0x05340000, 0x05340000)
  to   space 1920K,   0% used [0x05340000, 0x05340000, 0x05520000)
 tenured generation   total 39100K, used 24607K [0x09750000, 0x0bd7f000, 0x14200000)
   the space 39100K,  62% used [0x09750000, 0x0af57cc0, 0x0af57e00, 0x0bd7f000)
 Metaspace       used 34358K, capacity 34774K, committed 34944K, reserved 35200K
Event: 281.415 GC heap after
Heap after GC invocations=186 (full 7):
 def new generation   total 17664K, used 49K [0x04200000, 0x05520000, 0x09750000)
  eden space 15744K,   0% used [0x04200000, 0x04200000, 0x05160000)
  from space 1920K,   2% used [0x05340000, 0x0534c4c0, 0x05520000)
  to   space 1920K,   0% used [0x05160000, 0x05160000, 0x05340000)
 tenured generation   total 39100K, used 26508K [0x09750000, 0x0bd7f000, 0x14200000)
   the space 39100K,  67% used [0x09750000, 0x0b1333e0, 0x0b133400, 0x0bd7f000)
 Metaspace       used 34358K, capacity 34774K, committed 34944K, reserved 35200K
}
Event: 281.671 GC heap before
{Heap before GC invocations=186 (full 7):
 def new generation   total 17664K, used 15793K [0x04200000, 0x05520000, 0x09750000)
  eden space 15744K, 100% used [0x04200000, 0x05160000, 0x05160000)
  from space 1920K,   2% used [0x05340000, 0x0534c4c0, 0x05520000)
  to   space 1920K,   0% used [0x05160000, 0x05160000, 0x05340000)
 tenured generation   total 39100K, used 26508K [0x09750000, 0x0bd7f000, 0x14200000)
   the space 39100K,  67% used [0x09750000, 0x0b1333e0, 0x0b133400, 0x0bd7f000)
 Metaspace       used 34358K, capacity 34774K, committed 34944K, reserved 35200K
Event: 281.677 GC heap after
Heap after GC invocations=187 (full 7):
 def new generation   total 17664K, used 1361K [0x04200000, 0x05520000, 0x09750000)
  eden space 15744K,   0% used [0x04200000, 0x04200000, 0x05160000)
  from space 1920K,  70% used [0x05160000, 0x052b45f8, 0x05340000)
  to   space 1920K,   0% used [0x05340000, 0x05340000, 0x05520000)
 tenured generation   total 39100K, used 26508K [0x09750000, 0x0bd7f000, 0x14200000)
   the space 39100K,  67% used [0x09750000, 0x0b1333e0, 0x0b133400, 0x0bd7f000)
 Metaspace       used 34358K, capacity 34774K, committed 34944K, reserved 35200K
}
Event: 281.862 GC heap before
{Heap before GC invocations=187 (full 7):
 def new generation   total 17664K, used 17105K [0x04200000, 0x05520000, 0x09750000)
  eden space 15744K, 100% used [0x04200000, 0x05160000, 0x05160000)
  from space 1920K,  70% used [0x05160000, 0x052b45f8, 0x05340000)
  to   space 1920K,   0% used [0x05340000, 0x05340000, 0x05520000)
 tenured generation   total 39100K, used 26508K [0x09750000, 0x0bd7f000, 0x14200000)
   the space 39100K,  67% used [0x09750000, 0x0b1333e0, 0x0b133400, 0x0bd7f000)
 Metaspace       used 34417K, capacity 34853K, committed 35072K, reserved 35200K
Event: 281.869 GC heap after
Heap after GC invocations=188 (full 7):
 def new generation   total 17664K, used 1142K [0x04200000, 0x05520000, 0x09750000)
  eden space 15744K,   0% used [0x04200000, 0x04200000, 0x05160000)
  from space 1920K,  59% used [0x05340000, 0x0545d8b8, 0x05520000)
  to   space 1920K,   0% used [0x05160000, 0x05160000, 0x05340000)
 tenured generation   total 39100K, used 27564K [0x09750000, 0x0bd7f000, 0x14200000)
   the space 39100K,  70% used [0x09750000, 0x0b23b0a8, 0x0b23b200, 0x0bd7f000)
 Metaspace       used 34417K, capacity 34853K, committed 35072K, reserved 35200K
}

