# JRE version: Java(TM) SE Runtime Environment (8.0_101-b13) (build 1.8.0_101-b13)
# Java VM: Java HotSpot(TM) Client VM (25.101-b13 mixed mode windows-x86 )
Heap:
 def new generation   total 16384K, used 14508K [0x04800000, 0x059c0000, 0x09d50000)
  eden space 14592K,  90% used [0x04800000, 0x054ef6f8, 0x05640000)
  from space 1792K,  70% used [0x05640000, 0x0577bb78, 0x05800000)
  to   space 1792K,   0% used [0x05800000, 0x05800000, 0x059c0000)
 tenured generation   total 36276K, used 26834K [0x09d50000, 0x0c0bd000, 0x14800000)
   the space 36276K,  73% used [0x09d50000, 0x0b7848a8, 0x0b784a00, 0x0c0bd000)
 Metaspace       used 28552K, capacity 28946K, committed 29056K, reserved 29056K
GC Heap History (10 events):
Event: 18.939 GC heap before
{Heap before GC invocations=109 (full 4):
 def new generation   total 16384K, used 16253K [0x04800000, 0x059c0000, 0x09d50000)
  eden space 14592K, 100% used [0x04800000, 0x05640000, 0x05640000)
  from space 1792K,  92% used [0x05800000, 0x0599f4e8, 0x059c0000)
  to   space 1792K,   0% used [0x05640000, 0x05640000, 0x05800000)
 tenured generation   total 36276K, used 22368K [0x09d50000, 0x0c0bd000, 0x14800000)
   the space 36276K,  61% used [0x09d50000, 0x0b328388, 0x0b328400, 0x0c0bd000)
 Metaspace       used 28091K, capacity 28462K, committed 28544K, reserved 29056K
Event: 18.944 GC heap after
Heap after GC invocations=110 (full 4):
 def new generation   total 16384K, used 564K [0x04800000, 0x059c0000, 0x09d50000)
  eden space 14592K,   0% used [0x04800000, 0x04800000, 0x05640000)
  from space 1792K,  31% used [0x05640000, 0x056cd278, 0x05800000)
  to   space 1792K,   0% used [0x05800000, 0x05800000, 0x059c0000)
 tenured generation   total 36276K, used 23605K [0x09d50000, 0x0c0bd000, 0x14800000)
   the space 36276K,  65% used [0x09d50000, 0x0b45d740, 0x0b45d800, 0x0c0bd000)
 Metaspace       used 28091K, capacity 28462K, committed 28544K, reserved 29056K
}
Event: 19.133 GC heap before
{Heap before GC invocations=110 (full 4):
 def new generation   total 16384K, used 15156K [0x04800000, 0x059c0000, 0x09d50000)
  eden space 14592K, 100% used [0x04800000, 0x05640000, 0x05640000)
  from space 1792K,  31% used [0x05640000, 0x056cd278, 0x05800000)
  to   space 1792K,   0% used [0x05800000, 0x05800000, 0x059c0000)
 tenured generation   total 36276K, used 23605K [0x09d50000, 0x0c0bd000, 0x14800000)
   the space 36276K,  65% used [0x09d50000, 0x0b45d740, 0x0b45d800, 0x0c0bd000)
 Metaspace       used 28225K, capacity 28610K, committed 28672K, reserved 29056K
Event: 19.140 GC heap after
Heap after GC invocations=111 (full 4):
 def new generation   total 16384K, used 1792K [0x04800000, 0x059c0000, 0x09d50000)
  eden space 14592K,   0% used [0x04800000, 0x04800000, 0x05640000)
  from space 1792K, 100% used [0x05800000, 0x059c0000, 0x059c0000)
  to   space 1792K,   0% used [0x05640000, 0x05640000, 0x05800000)
 tenured generation   total 36276K, used 24007K [0x09d50000, 0x0c0bd000, 0x14800000)
   the space 36276K,  66% used [0x09d50000, 0x0b4c1f10, 0x0b4c2000, 0x0c0bd000)
 Metaspace       used 28225K, capacity 28610K, committed 28672K, reserved 29056K
}
Event: 19.317 GC heap before
{Heap before GC invocations=111 (full 4):
 def new generation   total 16384K, used 16384K [0x04800000, 0x059c0000, 0x09d50000)
  eden space 14592K, 100% used [0x04800000, 0x05640000, 0x05640000)
  from space 1792K, 100% used [0x05800000, 0x059c0000, 0x059c0000)
  to   space 1792K,   0% used [0x05640000, 0x05640000, 0x05800000)
 tenured generation   total 36276K, used 24007K [0x09d50000, 0x0c0bd000, 0x14800000)
   the space 36276K,  66% used [0x09d50000, 0x0b4c1f10, 0x0b4c2000, 0x0c0bd000)
 Metaspace       used 28427K, capacity 28827K, committed 28928K, reserved 29056K
Event: 19.327 GC heap after
Heap after GC invocations=112 (full 4):
 def new generation   total 16384K, used 1193K [0x04800000, 0x059c0000, 0x09d50000)
  eden space 14592K,   0% used [0x04800000, 0x04800000, 0x05640000)
  from space 1792K,  66% used [0x05640000, 0x0576a478, 0x05800000)
  to   space 1792K,   0% used [0x05800000, 0x05800000, 0x059c0000)
 tenured generation   total 36276K, used 25706K [0x09d50000, 0x0c0bd000, 0x14800000)
   the space 36276K,  70% used [0x09d50000, 0x0b66a860, 0x0b66aa00, 0x0c0bd000)
 Metaspace       used 28427K, capacity 28827K, committed 28928K, reserved 29056K
}
Event: 19.512 GC heap before
{Heap before GC invocations=112 (full 4):
 def new generation   total 16384K, used 15785K [0x04800000, 0x059c0000, 0x09d50000)
  eden space 14592K, 100% used [0x04800000, 0x05640000, 0x05640000)
  from space 1792K,  66% used [0x05640000, 0x0576a478, 0x05800000)
  to   space 1792K,   0% used [0x05800000, 0x05800000, 0x059c0000)
 tenured generation   total 36276K, used 25706K [0x09d50000, 0x0c0bd000, 0x14800000)
   the space 36276K,  70% used [0x09d50000, 0x0b66a860, 0x0b66aa00, 0x0c0bd000)
 Metaspace       used 28504K, capacity 28896K, committed 28928K, reserved 29056K
Event: 19.519 GC heap after
Heap after GC invocations=113 (full 4):
 def new generation   total 16384K, used 822K [0x04800000, 0x059c0000, 0x09d50000)
  eden space 14592K,   0% used [0x04800000, 0x04800000, 0x05640000)
  from space 1792K,  45% used [0x05800000, 0x058cd8b8, 0x059c0000)
  to   space 1792K,   0% used [0x05640000, 0x05640000, 0x05800000)
 tenured generation   total 36276K, used 26834K [0x09d50000, 0x0c0bd000, 0x14800000)
   the space 36276K,  73% used [0x09d50000, 0x0b7848a8, 0x0b784a00, 0x0c0bd000)
 Metaspace       used 28504K, capacity 28896K, committed 28928K, reserved 29056K
}
Event: 19.772 GC heap before
{Heap before GC invocations=113 (full 4):
 def new generation   total 16384K, used 15414K [0x04800000, 0x059c0000, 0x09d50000)
  eden space 14592K, 100% used [0x04800000, 0x05640000, 0x05640000)
  from space 1792K,  45% used [0x05800000, 0x058cd8b8, 0x059c0000)
  to   space 1792K,   0% used [0x05640000, 0x05640000, 0x05800000)
 tenured generation   total 36276K, used 26834K [0x09d50000, 0x0c0bd000, 0x14800000)
   the space 36276K,  73% used [0x09d50000, 0x0b7848a8, 0x0b784a00, 0x0c0bd000)
 Metaspace       used 28504K, capacity 28896K, committed 28928K, reserved 29056K
Event: 19.777 GC heap after
Heap after GC invocations=114 (full 4):
 def new generation   total 16384K, used 1262K [0x04800000, 0x059c0000, 0x09d50000)
  eden space 14592K,   0% used [0x04800000, 0x04800000, 0x05640000)
  from space 1792K,  70% used [0x05640000, 0x0577bb78, 0x05800000)
  to   space 1792K,   0% used [0x05800000, 0x05800000, 0x059c0000)
 tenured generation   total 36276K, used 26834K [0x09d50000, 0x0c0bd000, 0x14800000)
   the space 36276K,  73% used [0x09d50000, 0x0b7848a8, 0x0b784a00, 0x0c0bd000)
 Metaspace       used 28504K, capacity 28896K, committed 28928K, reserved 29056K
}

